Arguments: 
  C:\Program Files\nodejs\node.exe C:\Program Files (x86)\Yarn\bin\yarn.js install

PATH: 
  C:\Windows\system32;C:\Windows;C:\Windows\System32\Wbem;C:\Windows\System32\WindowsPowerShell\v1.0\;C:\Windows\System32\OpenSSH\;C:\Program Files\nodejs\;C:\Program Files (x86)\Yarn\bin\;C:\Users\gnane\AppData\Local\Microsoft\WindowsApps;C:\Program Files\php-7.4.10;C:\Users\gnane\Downloads\chromedriver_win32;;C:\Users\gnane\AppData\Local\Programs\Microsoft VS Code\bin;C:\Users\gnane\AppData\Roaming\npm;C:\Users\gnane\AppData\Local\Yarn\bin

Yarn version: 
  1.22.5

Node version: 
  14.15.0

Platform: 
  win32 x64

Trace: 
  Error: https://registry.yarnpkg.com/@material-ui/icons/-/icons-3.0.2.tgz: ESOCKETTIMEDOUT
      at ClientRequest.<anonymous> (C:\Program Files (x86)\Yarn\lib\cli.js:141376:19)
      at Object.onceWrapper (events.js:421:28)
      at ClientRequest.emit (events.js:315:20)
      at TLSSocket.emitRequestTimeout (_http_client.js:784:9)
      at Object.onceWrapper (events.js:421:28)
      at TLSSocket.emit (events.js:327:22)
      at TLSSocket.Socket._onTimeout (net.js:483:8)
      at listOnTimeout (internal/timers.js:554:17)
      at processTimers (internal/timers.js:497:7)

npm manifest: 
  {
    "name": "website",
    "version": "0.1.0",
    "private": true,
    "dependencies": {
      "@material-ui/core": "^3.9.3",
      "@material-ui/icons": "^3.0.2",
      "axios": "^0.18.0",
      "formik": "^1.5.8",
      "formik-material-fields": "0.0.4",
      "react": "^16.8.4",
      "react-dom": "^16.8.4",
      "react-quill": "^1.3.3",
      "react-redux": "^7.0.2",
      "react-router-dom": "^5.0.0",
      "react-scripts": "2.1.8",
      "redux": "^4.0.1",
      "redux-persist": "^5.10.0",
      "redux-thunk": "^2.3.0",
      "yup": "^0.27.0"
    },
    "scripts": {
      "start": "react-scripts start",
      "build": "react-scripts build",
      "test": "react-scripts test",
      "eject": "react-scripts eject"
    },
    "eslintConfig": {
      "extends": "react-app"
    },
    "browserslist": [
      ">0.2%",
      "not dead",
      "not ie <= 11",
      "not op_mini all"
    ]
  }

yarn manifest: 
  No manifest

Lockfile: 
  No lockfile
